<?xml version="1.0" encoding="UTF-8"?>
<!-- Generated by org.testng.reporters.JUnitXMLReporter -->
<testsuite hostname="KISHAN" ignored="1" name="week-15-project-4-tutorialsninja-kishan" tests="1" failures="1" timestamp="2022-12-13T22:35:00 GMT" time="6.483" errors="0">
  <testcase name="verifyThatUserShouldLoginAndLogoutSuccessfully" time="0.001" classname="com.tutorialsninja.testsuite.AccountRegisterPageTest">
    <failure type="java.lang.NullPointerException">
      <![CDATA[java.lang.NullPointerException
at org.openqa.selenium.support.pagefactory.DefaultElementLocator.findElement(DefaultElementLocator.java:70)
at org.openqa.selenium.support.pagefactory.internal.LocatingElementHandler.invoke(LocatingElementHandler.java:39)
at com.sun.proxy.$Proxy10.click(Unknown Source)
at com.tutorialsninja.utility.Utility.clickOnElement(Utility.java:55)
at com.tutorialsninja.pages.HomePage.clickOnMyQAccountTab(HomePage.java:92)
at com.tutorialsninja.testsuite.AccountRegisterPageTest.verifyThatUserShouldLoginAndLogoutSuccessfully(AccountRegisterPageTest.java:28)
at java.util.ArrayList.forEach(ArrayList.java:1249)
at com.intellij.rt.testng.IDEARemoteTestNG.run(IDEARemoteTestNG.java:66)
at com.intellij.rt.testng.RemoteTestNGStarter.main(RemoteTestNGStarter.java:109)
... Removed 24 stack frames]]>
    </failure>
  </testcase> <!-- verifyThatUserShouldLoginAndLogoutSuccessfully -->
  <testcase name="verifyUserShouldNavigateToLoginPageSuccessfully" time="0.0" classname="com.tutorialsninja.testsuite.AccountRegisterPageTest">
    <ignored/>
  </testcase> <!-- verifyUserShouldNavigateToLoginPageSuccessfully -->
</testsuite> <!-- week-15-project-4-tutorialsninja-kishan -->
