<?xml version="1.0" encoding="UTF-8"?>
<testsuite name="Regression Test"
           tests="2"
           failures="0"
           errors="0"
           skipped="0"
           time="16.260">
  <properties />
  
  
            <testcase name="verifyProductArrangeInAlphabeticalOrder" time="2.684" classname="com.tutorialsninja.testsuite.DesktopsPageTest" />
                <testcase name="verifyProductAddedToShoppingCartSuccessFully" time="13.576" classname="com.tutorialsninja.testsuite.DesktopsPageTest" />
      
</testsuite>
